<?xml version="1.0" encoding="UTF-8"?>
<!-- Generated by org.testng.reporters.JUnitXMLReporter -->
<testsuite ignored="0" hostname="Babita_Solunke" failures="0" tests="10" name="Test" time="9.264" errors="0" timestamp="2025-09-22T09:42:59 IST">
  <testcase classname="testcases.ProductTest" name="createNewProduct" time="3.882"/>
  <testcase classname="testcases.ProductTest" name="deleteProduct" time="0.492"/>
  <testcase classname="testcases.ProductTest" name="getAllCategories" time="0.565"/>
  <testcase classname="testcases.ProductTest" name="getAllProducts" time="0.549"/>
  <testcase classname="testcases.ProductTest" name="getLimitedProduct" time="0.416"/>
  <testcase classname="testcases.ProductTest" name="getProductByCategory" time="0.428"/>
  <testcase classname="testcases.ProductTest" name="getProductById" time="0.448"/>
  <testcase classname="testcases.ProductTest" name="getSortedProductAsc" time="0.446"/>
  <testcase classname="testcases.ProductTest" name="getSortedProductDesc" time="0.415"/>
  <testcase classname="testcases.ProductTest" name="updateProduct" time="0.45"/>
</testsuite> <!-- Test -->
