<?xml version="1.0" encoding="UTF-8"?>
<!-- Generated by org.testng.reporters.JUnitReportReporter -->
<testsuite hostname="Babita_Solunke" failures="0" tests="10" name="testcases.ProductTest" time="8.267" errors="0" timestamp="2025-09-22T09:45:43 IST" skipped="0">
  <testcase classname="testcases.ProductTest" name="getLimitedProduct" time="0.408"/>
  <testcase classname="testcases.ProductTest" name="getSortedProductAsc" time="0.466"/>
  <testcase classname="testcases.ProductTest" name="createNewProduct" time="4.203"/>
  <testcase classname="testcases.ProductTest" name="updateProduct" time="0.446"/>
  <testcase classname="testcases.ProductTest" name="getAllCategories" time="0.416"/>
  <testcase classname="testcases.ProductTest" name="deleteProduct" time="0.568"/>
  <testcase classname="testcases.ProductTest" name="getAllProducts" time="0.471"/>
  <testcase classname="testcases.ProductTest" name="getProductByCategory" time="0.449"/>
  <testcase classname="testcases.ProductTest" name="getProductById" time="0.415"/>
  <testcase classname="testcases.ProductTest" name="getSortedProductDesc" time="0.425"/>
</testsuite> <!-- testcases.ProductTest -->
