<?xml version="1.0" encoding="UTF-8"?>
<!-- Generated by org.testng.reporters.JUnitReportReporter -->
<testsuite hostname="Babita_Solunke" failures="0" tests="4" name="testcases.ProductDataDrivenTesting" time="5.503" errors="0" timestamp="2025-09-21T09:40:20 IST" skipped="0">
  <testcase classname="testcases.ProductDataDrivenTesting" name="addNewProduct" time="0.810"/>
  <testcase classname="testcases.ProductDataDrivenTesting" name="addNewProduct" time="3.081"/>
  <testcase classname="testcases.ProductDataDrivenTesting" name="addNewProduct" time="0.810"/>
  <testcase classname="testcases.ProductDataDrivenTesting" name="addNewProduct" time="0.802"/>
</testsuite> <!-- testcases.ProductDataDrivenTesting -->
